2020-08-09 21:35:00,048 INFO o.a.j.u.JMeterUtils: Setting Locale to en_IN
2020-08-09 21:35:00,063 INFO o.a.j.JMeter: Loading user properties from: user.properties
2020-08-09 21:35:00,064 INFO o.a.j.JMeter: Loading system properties from: system.properties
2020-08-09 21:35:00,064 INFO o.a.j.JMeter: Loading additional properties from: D:\Researchanddevelopment\apache-jmeter-5.1.1\bin\user.properties
2020-08-09 21:35:00,071 INFO o.a.j.JMeter: Copyright (c) 1998-2019 The Apache Software Foundation
2020-08-09 21:35:00,072 INFO o.a.j.JMeter: Version 5.1.1 r1855137
2020-08-09 21:35:00,072 INFO o.a.j.JMeter: java.version=1.8.0_251
2020-08-09 21:35:00,072 INFO o.a.j.JMeter: java.vm.name=Java HotSpot(TM) 64-Bit Server VM
2020-08-09 21:35:00,072 INFO o.a.j.JMeter: os.name=Windows 10
2020-08-09 21:35:00,072 INFO o.a.j.JMeter: os.arch=amd64
2020-08-09 21:35:00,072 INFO o.a.j.JMeter: os.version=10.0
2020-08-09 21:35:00,072 INFO o.a.j.JMeter: file.encoding=Cp1252
2020-08-09 21:35:00,072 INFO o.a.j.JMeter: java.awt.headless=true
2020-08-09 21:35:00,072 INFO o.a.j.JMeter: Max memory     =1875378176
2020-08-09 21:35:00,072 INFO o.a.j.JMeter: Available Processors =8
2020-08-09 21:35:00,076 INFO o.a.j.JMeter: Default Locale=English (India)
2020-08-09 21:35:00,076 INFO o.a.j.JMeter: JMeter  Locale=English (India)
2020-08-09 21:35:00,076 INFO o.a.j.JMeter: JMeterHome=D:\apache-jmeter-5.1.1
2020-08-09 21:35:00,076 INFO o.a.j.JMeter: user.dir  =D:\apache-jmeter-5.1.1\bin
2020-08-09 21:35:00,076 INFO o.a.j.JMeter: PWD       =D:\apache-jmeter-5.1.1\bin
2020-08-09 21:35:00,085 INFO o.a.j.JMeter: IP: 192.168.0.5 Name: LAPTOP-TBV7VLP0 FullName: 192.168.0.5
2020-08-09 21:35:00,087 INFO o.a.j.JMeter: Setting property 'jmeter.reportgenerator.outputdir' to:'D:\Researchanddevelopment\resultfolder'
2020-08-09 21:35:00,092 INFO o.a.j.r.d.ReportGenerator: ReportGenerator will use for Parsing the separator: ','
2020-08-09 21:35:00,092 INFO o.a.j.r.d.ReportGenerator: Will only generate report from results file: D:\Researchanddevelopment\errorlog\error.jtl
2020-08-09 21:35:00,092 INFO o.a.j.r.d.ReportGenerator: Reading report generator properties from: D:\apache-jmeter-5.1.1\bin\reportgenerator.properties
2020-08-09 21:35:00,101 INFO o.a.j.r.d.ReportGenerator: Merging with JMeter properties
2020-08-09 21:35:00,107 INFO o.a.j.r.c.ReportGeneratorConfiguration: Property 'jmeter.reportgenerator.temp_dir' not found, using default value 'temp' instead.
2020-08-09 21:35:00,110 INFO o.a.j.r.c.ReportGeneratorConfiguration: Property 'jmeter.reportgenerator.apdex_per_transaction' not found, using default value 'null' instead.
2020-08-09 21:35:00,113 INFO o.a.j.r.c.ReportGeneratorConfiguration: apdex_per_transaction : {} is empty, not APDEX per transaction customization
2020-08-09 21:35:00,114 INFO o.a.j.r.c.ReportGeneratorConfiguration: Property 'jmeter.reportgenerator.sample_filter' not found, using default value 'null' instead.
2020-08-09 21:35:00,114 INFO o.a.j.r.c.ReportGeneratorConfiguration: Property 'jmeter.reportgenerator.report_title' not found, using default value 'null' instead.
2020-08-09 21:35:00,114 INFO o.a.j.r.c.ReportGeneratorConfiguration: Property 'jmeter.reportgenerator.start_date' not found, using default value 'null' instead.
2020-08-09 21:35:00,114 INFO o.a.j.r.c.ReportGeneratorConfiguration: Property 'jmeter.reportgenerator.end_date' not found, using default value 'null' instead.
2020-08-09 21:35:00,114 INFO o.a.j.r.c.ReportGeneratorConfiguration: Property 'jmeter.reportgenerator.date_format' not found, using default value 'null' instead.
2020-08-09 21:35:00,115 INFO o.a.j.r.c.ReportGeneratorConfiguration: Will use date range start date: null, end date: null
2020-08-09 21:35:00,120 INFO o.a.j.r.c.ReportGeneratorConfiguration: Property 'jmeter.reportgenerator.graph.totalTPS.exclude_controllers' not found, using default value 'false' instead.
2020-08-09 21:35:00,120 INFO o.a.j.r.c.ReportGeneratorConfiguration: Property 'jmeter.reportgenerator.graph.activeThreadsOverTime.exclude_controllers' not found, using default value 'false' instead.
2020-08-09 21:35:00,121 INFO o.a.j.r.c.ReportGeneratorConfiguration: Property 'jmeter.reportgenerator.graph.timeVsThreads.exclude_controllers' not found, using default value 'false' instead.
2020-08-09 21:35:00,121 INFO o.a.j.r.c.ReportGeneratorConfiguration: Property 'jmeter.reportgenerator.graph.responseTimeDistribution.exclude_controllers' not found, using default value 'false' instead.
2020-08-09 21:35:00,121 INFO o.a.j.r.c.ReportGeneratorConfiguration: Property 'jmeter.reportgenerator.graph.transactionsPerSecond.exclude_controllers' not found, using default value 'false' instead.
2020-08-09 21:35:00,121 INFO o.a.j.r.c.ReportGeneratorConfiguration: Property 'jmeter.reportgenerator.graph.responseTimePercentiles.exclude_controllers' not found, using default value 'false' instead.
2020-08-09 21:35:00,121 INFO o.a.j.r.c.ReportGeneratorConfiguration: Property 'jmeter.reportgenerator.graph.responseTimePercentilesOverTime.exclude_controllers' not found, using default value 'false' instead.
2020-08-09 21:35:00,122 INFO o.a.j.r.c.ReportGeneratorConfiguration: Property 'jmeter.reportgenerator.graph.responseTimesOverTime.exclude_controllers' not found, using default value 'false' instead.
2020-08-09 21:35:00,122 INFO o.a.j.r.c.ReportGeneratorConfiguration: Property 'jmeter.reportgenerator.graph.connectTimeOverTime.exclude_controllers' not found, using default value 'false' instead.
2020-08-09 21:35:00,122 INFO o.a.j.r.c.ReportGeneratorConfiguration: Property 'jmeter.reportgenerator.graph.latenciesOverTime.exclude_controllers' not found, using default value 'false' instead.
2020-08-09 21:35:00,123 INFO o.a.j.r.c.ReportGeneratorConfiguration: Property 'jmeter.reportgenerator.exporter.json.filters_only_sample_series' not found, using default value 'true' instead.
2020-08-09 21:35:00,123 INFO o.a.j.r.c.ReportGeneratorConfiguration: Property 'jmeter.reportgenerator.exporter.json.series_filter' not found, using default value '' instead.
2020-08-09 21:35:00,123 INFO o.a.j.r.c.ReportGeneratorConfiguration: Property 'jmeter.reportgenerator.exporter.json.show_controllers_only' not found, using default value 'false' instead.
2020-08-09 21:35:00,124 INFO o.a.j.r.c.ReportGeneratorConfiguration: Property 'jmeter.reportgenerator.exporter.html.filters_only_sample_series' not found, using default value 'true' instead.
2020-08-09 21:35:00,124 INFO o.a.j.r.c.ReportGeneratorConfiguration: Property 'jmeter.reportgenerator.exporter.html.series_filter' not found, using default value '' instead.
2020-08-09 21:35:00,124 INFO o.a.j.r.c.ReportGeneratorConfiguration: Property 'jmeter.reportgenerator.exporter.html.show_controllers_only' not found, using default value 'false' instead.
2020-08-09 21:35:00,239 INFO o.a.j.s.SaveService: Testplan (JMX) version: 2.2. Testlog (JTL) version: 2.2
2020-08-09 21:35:00,251 INFO o.a.j.s.SaveService: Using SaveService properties file encoding UTF-8
2020-08-09 21:35:00,254 INFO o.a.j.s.SaveService: Using SaveService properties version 5.0
2020-08-09 21:35:00,272 INFO o.a.j.r.p.NormalizerSampleConsumer: Using format, 'ms', to parse timeStamp field
2020-08-09 21:35:00,497 INFO o.a.j.r.p.AbstractSampleConsumer: class org.apache.jmeter.report.processor.AggregateConsumer#stopProducing(): beginDate produced 0 samples
2020-08-09 21:35:00,498 INFO o.a.j.r.p.AbstractSampleConsumer: class org.apache.jmeter.report.processor.AggregateConsumer#stopProducing(): endDate produced 0 samples
2020-08-09 21:35:00,500 INFO o.a.j.r.p.AbstractSampleConsumer: class org.apache.jmeter.report.processor.ApdexSummaryConsumer#stopProducing(): apdexSummary produced 0 samples
2020-08-09 21:35:00,501 INFO o.a.j.r.p.AbstractSampleConsumer: class org.apache.jmeter.report.processor.RequestsSummaryConsumer#stopProducing(): requestsSummary produced 0 samples
2020-08-09 21:35:00,514 INFO o.a.j.r.p.AbstractSampleConsumer: class org.apache.jmeter.report.processor.StatisticsSummaryConsumer#stopProducing(): statisticsSummary produced 0 samples
2020-08-09 21:35:00,523 INFO o.a.j.r.p.AbstractSampleConsumer: class org.apache.jmeter.report.processor.Top5ErrorsBySamplerConsumer#stopProducing(): top5ErrorsBySampler produced 0 samples
2020-08-09 21:35:00,523 INFO o.a.j.r.p.AbstractSampleConsumer: class org.apache.jmeter.report.processor.ErrorsSummaryConsumer#stopProducing(): errorsSummary produced 0 samples
2020-08-09 21:35:00,523 INFO o.a.j.r.p.AbstractSampleConsumer: class org.apache.jmeter.report.processor.graph.impl.HitsPerSecondGraphConsumer#stopProducing(): hitsPerSecond produced 0 samples
2020-08-09 21:35:00,532 INFO o.a.j.r.p.AbstractSampleConsumer: class org.apache.jmeter.report.processor.graph.impl.LatencyVSRequestGraphConsumer#stopProducing(): latencyVsRequest produced 0 samples
2020-08-09 21:35:00,533 INFO o.a.j.r.p.AbstractSampleConsumer: class org.apache.jmeter.report.processor.graph.impl.SyntheticResponseTimeDistributionGraphConsumer#stopProducing(): syntheticResponseTimeDistribution produced 0 samples
2020-08-09 21:35:00,533 INFO o.a.j.r.p.AbstractSampleConsumer: class org.apache.jmeter.report.processor.graph.impl.BytesThroughputGraphConsumer#stopProducing(): bytesThroughputOverTime produced 0 samples
2020-08-09 21:35:00,533 INFO o.a.j.r.p.AbstractSampleConsumer: class org.apache.jmeter.report.processor.graph.impl.CodesPerSecondGraphConsumer#stopProducing(): codesPerSecond produced 0 samples
2020-08-09 21:35:00,534 INFO o.a.j.r.p.AbstractSampleConsumer: class org.apache.jmeter.report.processor.graph.impl.ResponseTimeVSRequestGraphConsumer#stopProducing(): responseTimeVsRequest produced 0 samples
2020-08-09 21:35:00,534 INFO o.a.j.r.p.AbstractSampleConsumer: class org.apache.jmeter.report.processor.FilterConsumer#stopProducing(): startIntervalControlerFilter produced 0 samples
2020-08-09 21:35:00,535 INFO o.a.j.r.p.AbstractSampleConsumer: class org.apache.jmeter.report.processor.graph.impl.TotalTPSGraphConsumer#stopProducing(): totalTPS produced 0 samples
2020-08-09 21:35:00,535 INFO o.a.j.r.p.AbstractSampleConsumer: class org.apache.jmeter.report.processor.graph.impl.ActiveThreadsGraphConsumer#stopProducing(): activeThreadsOverTime produced 0 samples
2020-08-09 21:35:00,535 INFO o.a.j.r.p.AbstractSampleConsumer: class org.apache.jmeter.report.processor.graph.impl.TimeVSThreadGraphConsumer#stopProducing(): timeVsThreads produced 0 samples
2020-08-09 21:35:00,535 INFO o.a.j.r.p.AbstractSampleConsumer: class org.apache.jmeter.report.processor.graph.impl.ResponseTimeDistributionGraphConsumer#stopProducing(): responseTimeDistribution produced 0 samples
2020-08-09 21:35:00,535 INFO o.a.j.r.p.AbstractSampleConsumer: class org.apache.jmeter.report.processor.graph.impl.TransactionsPerSecondGraphConsumer#stopProducing(): transactionsPerSecond produced 0 samples
2020-08-09 21:35:00,535 INFO o.a.j.r.p.AbstractSampleConsumer: class org.apache.jmeter.report.processor.graph.impl.ResponseTimePercentilesGraphConsumer#stopProducing(): responseTimePercentiles produced 0 samples
2020-08-09 21:35:00,536 INFO o.a.j.r.p.AbstractSampleConsumer: class org.apache.jmeter.report.processor.graph.impl.ResponseTimePercentilesOverTimeGraphConsumer#stopProducing(): responseTimePercentilesOverTime produced 0 samples
2020-08-09 21:35:00,536 INFO o.a.j.r.p.AbstractSampleConsumer: class org.apache.jmeter.report.processor.graph.impl.ResponseTimeOverTimeGraphConsumer#stopProducing(): responseTimesOverTime produced 0 samples
2020-08-09 21:35:00,536 INFO o.a.j.r.p.AbstractSampleConsumer: class org.apache.jmeter.report.processor.graph.impl.ConnectTimeOverTimeGraphConsumer#stopProducing(): connectTimeOverTime produced 0 samples
2020-08-09 21:35:00,536 INFO o.a.j.r.p.AbstractSampleConsumer: class org.apache.jmeter.report.processor.graph.impl.LatencyOverTimeGraphConsumer#stopProducing(): latenciesOverTime produced 0 samples
2020-08-09 21:35:00,536 INFO o.a.j.r.p.AbstractSampleConsumer: class org.apache.jmeter.report.processor.FilterConsumer#stopProducing(): nameFilter produced 14 samples
2020-08-09 21:35:00,537 INFO o.a.j.r.p.AbstractSampleConsumer: class org.apache.jmeter.report.processor.FilterConsumer#stopProducing(): dateRangeFilter produced 2 samples
2020-08-09 21:35:00,537 INFO o.a.j.r.p.AbstractSampleConsumer: class org.apache.jmeter.report.processor.NormalizerSampleConsumer#stopProducing(): normalizer produced 0 samples
2020-08-09 21:35:00,537 ERROR o.a.j.JMeter: An error occurred: 
org.apache.jmeter.report.dashboard.GenerationException: Error while processing samples:Consumer failed with message :Consumer failed with message :Consumer failed with message :Consumer failed with message :No column <Latency> found in sample metadata <timeStamp,elapsed,label,responseCode,responseMessage,threadName,dataType,success,failureMessage,bytes,sentBytes,grpThreads,allThreads,URL,SampleCount,ErrorCount,IdleTime,Connect>, check #jmeter.save.saveservice.* properties to add the missing column
	at org.apache.jmeter.report.dashboard.ReportGenerator.generate(ReportGenerator.java:247) ~[ApacheJMeter_core.jar:5.1.1 r1855137]
	at org.apache.jmeter.JMeter.start(JMeter.java:542) [ApacheJMeter_core.jar:5.1.1 r1855137]
	at sun.reflect.NativeMethodAccessorImpl.invoke0(Native Method) ~[?:1.8.0_251]
	at sun.reflect.NativeMethodAccessorImpl.invoke(Unknown Source) ~[?:1.8.0_251]
	at sun.reflect.DelegatingMethodAccessorImpl.invoke(Unknown Source) ~[?:1.8.0_251]
	at java.lang.reflect.Method.invoke(Unknown Source) ~[?:1.8.0_251]
	at org.apache.jmeter.NewDriver.main(NewDriver.java:253) [ApacheJMeter.jar:5.1.1 r1855137]
Caused by: org.apache.jmeter.report.core.SampleException: Consumer failed with message :Consumer failed with message :Consumer failed with message :Consumer failed with message :No column <Latency> found in sample metadata <timeStamp,elapsed,label,responseCode,responseMessage,threadName,dataType,success,failureMessage,bytes,sentBytes,grpThreads,allThreads,URL,SampleCount,ErrorCount,IdleTime,Connect>, check #jmeter.save.saveservice.* properties to add the missing column
	at org.apache.jmeter.report.processor.CsvFileSampleSource$PrivateProducer.produce(CsvFileSampleSource.java:330) ~[ApacheJMeter_core.jar:5.1.1 r1855137]
	at org.apache.jmeter.report.processor.CsvFileSampleSource.produce(CsvFileSampleSource.java:181) ~[ApacheJMeter_core.jar:5.1.1 r1855137]
	at org.apache.jmeter.report.processor.CsvFileSampleSource.run(CsvFileSampleSource.java:238) ~[ApacheJMeter_core.jar:5.1.1 r1855137]
	at org.apache.jmeter.report.dashboard.ReportGenerator.generate(ReportGenerator.java:245) ~[ApacheJMeter_core.jar:5.1.1 r1855137]
	... 6 more
Caused by: org.apache.jmeter.report.core.SampleException: Consumer failed with message :Consumer failed with message :Consumer failed with message :No column <Latency> found in sample metadata <timeStamp,elapsed,label,responseCode,responseMessage,threadName,dataType,success,failureMessage,bytes,sentBytes,grpThreads,allThreads,URL,SampleCount,ErrorCount,IdleTime,Connect>, check #jmeter.save.saveservice.* properties to add the missing column
	at org.apache.jmeter.report.processor.AbstractSampleConsumer.produce(AbstractSampleConsumer.java:232) ~[ApacheJMeter_core.jar:5.1.1 r1855137]
	at org.apache.jmeter.report.processor.NormalizerSampleConsumer.consume(NormalizerSampleConsumer.java:120) ~[ApacheJMeter_core.jar:5.1.1 r1855137]
	at org.apache.jmeter.report.processor.CsvFileSampleSource$PrivateProducer.produce(CsvFileSampleSource.java:327) ~[ApacheJMeter_core.jar:5.1.1 r1855137]
	at org.apache.jmeter.report.processor.CsvFileSampleSource.produce(CsvFileSampleSource.java:181) ~[ApacheJMeter_core.jar:5.1.1 r1855137]
	at org.apache.jmeter.report.processor.CsvFileSampleSource.run(CsvFileSampleSource.java:238) ~[ApacheJMeter_core.jar:5.1.1 r1855137]
	at org.apache.jmeter.report.dashboard.ReportGenerator.generate(ReportGenerator.java:245) ~[ApacheJMeter_core.jar:5.1.1 r1855137]
	... 6 more
Caused by: org.apache.jmeter.report.core.SampleException: Consumer failed with message :Consumer failed with message :No column <Latency> found in sample metadata <timeStamp,elapsed,label,responseCode,responseMessage,threadName,dataType,success,failureMessage,bytes,sentBytes,grpThreads,allThreads,URL,SampleCount,ErrorCount,IdleTime,Connect>, check #jmeter.save.saveservice.* properties to add the missing column
	at org.apache.jmeter.report.processor.AbstractSampleConsumer.produce(AbstractSampleConsumer.java:232) ~[ApacheJMeter_core.jar:5.1.1 r1855137]
	at org.apache.jmeter.report.processor.FilterConsumer.consume(FilterConsumer.java:105) ~[ApacheJMeter_core.jar:5.1.1 r1855137]
	at org.apache.jmeter.report.processor.AbstractSampleConsumer.produce(AbstractSampleConsumer.java:228) ~[ApacheJMeter_core.jar:5.1.1 r1855137]
	at org.apache.jmeter.report.processor.NormalizerSampleConsumer.consume(NormalizerSampleConsumer.java:120) ~[ApacheJMeter_core.jar:5.1.1 r1855137]
	at org.apache.jmeter.report.processor.CsvFileSampleSource$PrivateProducer.produce(CsvFileSampleSource.java:327) ~[ApacheJMeter_core.jar:5.1.1 r1855137]
	at org.apache.jmeter.report.processor.CsvFileSampleSource.produce(CsvFileSampleSource.java:181) ~[ApacheJMeter_core.jar:5.1.1 r1855137]
	at org.apache.jmeter.report.processor.CsvFileSampleSource.run(CsvFileSampleSource.java:238) ~[ApacheJMeter_core.jar:5.1.1 r1855137]
	at org.apache.jmeter.report.dashboard.ReportGenerator.generate(ReportGenerator.java:245) ~[ApacheJMeter_core.jar:5.1.1 r1855137]
	... 6 more
Caused by: org.apache.jmeter.report.core.SampleException: Consumer failed with message :No column <Latency> found in sample metadata <timeStamp,elapsed,label,responseCode,responseMessage,threadName,dataType,success,failureMessage,bytes,sentBytes,grpThreads,allThreads,URL,SampleCount,ErrorCount,IdleTime,Connect>, check #jmeter.save.saveservice.* properties to add the missing column
	at org.apache.jmeter.report.processor.AbstractSampleConsumer.produce(AbstractSampleConsumer.java:232) ~[ApacheJMeter_core.jar:5.1.1 r1855137]
	at org.apache.jmeter.report.processor.FilterConsumer.consume(FilterConsumer.java:105) ~[ApacheJMeter_core.jar:5.1.1 r1855137]
	at org.apache.jmeter.report.processor.AbstractSampleConsumer.produce(AbstractSampleConsumer.java:228) ~[ApacheJMeter_core.jar:5.1.1 r1855137]
	at org.apache.jmeter.report.processor.FilterConsumer.consume(FilterConsumer.java:105) ~[ApacheJMeter_core.jar:5.1.1 r1855137]
	at org.apache.jmeter.report.processor.AbstractSampleConsumer.produce(AbstractSampleConsumer.java:228) ~[ApacheJMeter_core.jar:5.1.1 r1855137]
	at org.apache.jmeter.report.processor.NormalizerSampleConsumer.consume(NormalizerSampleConsumer.java:120) ~[ApacheJMeter_core.jar:5.1.1 r1855137]
	at org.apache.jmeter.report.processor.CsvFileSampleSource$PrivateProducer.produce(CsvFileSampleSource.java:327) ~[ApacheJMeter_core.jar:5.1.1 r1855137]
	at org.apache.jmeter.report.processor.CsvFileSampleSource.produce(CsvFileSampleSource.java:181) ~[ApacheJMeter_core.jar:5.1.1 r1855137]
	at org.apache.jmeter.report.processor.CsvFileSampleSource.run(CsvFileSampleSource.java:238) ~[ApacheJMeter_core.jar:5.1.1 r1855137]
	at org.apache.jmeter.report.dashboard.ReportGenerator.generate(ReportGenerator.java:245) ~[ApacheJMeter_core.jar:5.1.1 r1855137]
	... 6 more
Caused by: org.apache.jmeter.report.core.SampleException: No column <Latency> found in sample metadata <timeStamp,elapsed,label,responseCode,responseMessage,threadName,dataType,success,failureMessage,bytes,sentBytes,grpThreads,allThreads,URL,SampleCount,ErrorCount,IdleTime,Connect>, check #jmeter.save.saveservice.* properties to add the missing column
	at org.apache.jmeter.report.core.SampleMetadata.ensureIndexOf(SampleMetadata.java:219) ~[ApacheJMeter_core.jar:5.1.1 r1855137]
	at org.apache.jmeter.report.core.Sample.getData(Sample.java:132) ~[ApacheJMeter_core.jar:5.1.1 r1855137]
	at org.apache.jmeter.report.core.Sample.getLatency(Sample.java:245) ~[ApacheJMeter_core.jar:5.1.1 r1855137]
	at org.apache.jmeter.report.processor.graph.LatencyValueSelector.select(LatencyValueSelector.java:53) ~[ApacheJMeter_core.jar:5.1.1 r1855137]
	at org.apache.jmeter.report.processor.graph.AbstractGraphConsumer.consume(AbstractGraphConsumer.java:501) ~[ApacheJMeter_core.jar:5.1.1 r1855137]
	at org.apache.jmeter.report.processor.AbstractSampleConsumer.produce(AbstractSampleConsumer.java:228) ~[ApacheJMeter_core.jar:5.1.1 r1855137]
	at org.apache.jmeter.report.processor.FilterConsumer.consume(FilterConsumer.java:105) ~[ApacheJMeter_core.jar:5.1.1 r1855137]
	at org.apache.jmeter.report.processor.AbstractSampleConsumer.produce(AbstractSampleConsumer.java:228) ~[ApacheJMeter_core.jar:5.1.1 r1855137]
	at org.apache.jmeter.report.processor.FilterConsumer.consume(FilterConsumer.java:105) ~[ApacheJMeter_core.jar:5.1.1 r1855137]
	at org.apache.jmeter.report.processor.AbstractSampleConsumer.produce(AbstractSampleConsumer.java:228) ~[ApacheJMeter_core.jar:5.1.1 r1855137]
	at org.apache.jmeter.report.processor.NormalizerSampleConsumer.consume(NormalizerSampleConsumer.java:120) ~[ApacheJMeter_core.jar:5.1.1 r1855137]
	at org.apache.jmeter.report.processor.CsvFileSampleSource$PrivateProducer.produce(CsvFileSampleSource.java:327) ~[ApacheJMeter_core.jar:5.1.1 r1855137]
	at org.apache.jmeter.report.processor.CsvFileSampleSource.produce(CsvFileSampleSource.java:181) ~[ApacheJMeter_core.jar:5.1.1 r1855137]
	at org.apache.jmeter.report.processor.CsvFileSampleSource.run(CsvFileSampleSource.java:238) ~[ApacheJMeter_core.jar:5.1.1 r1855137]
	at org.apache.jmeter.report.dashboard.ReportGenerator.generate(ReportGenerator.java:245) ~[ApacheJMeter_core.jar:5.1.1 r1855137]
	... 6 more
