2020-10-24 19:51:17,021 INFO o.a.j.u.JMeterUtils: Setting Locale to en_EN
2020-10-24 19:51:17,085 INFO o.a.j.JMeter: Loading user properties from: user.properties
2020-10-24 19:51:17,104 INFO o.a.j.JMeter: Loading system properties from: system.properties
2020-10-24 19:51:17,125 INFO o.a.j.JMeter: Copyright (c) 1998-2019 The Apache Software Foundation
2020-10-24 19:51:17,126 INFO o.a.j.JMeter: Version 5.1.1 r1855137
2020-10-24 19:51:17,126 INFO o.a.j.JMeter: java.version=1.8.0_251
2020-10-24 19:51:17,126 INFO o.a.j.JMeter: java.vm.name=Java HotSpot(TM) 64-Bit Server VM
2020-10-24 19:51:17,126 INFO o.a.j.JMeter: os.name=Windows 10
2020-10-24 19:51:17,126 INFO o.a.j.JMeter: os.arch=amd64
2020-10-24 19:51:17,126 INFO o.a.j.JMeter: os.version=10.0
2020-10-24 19:51:17,126 INFO o.a.j.JMeter: file.encoding=Cp1252
2020-10-24 19:51:17,127 INFO o.a.j.JMeter: java.awt.headless=true
2020-10-24 19:51:17,128 INFO o.a.j.JMeter: Max memory     =1073741824
2020-10-24 19:51:17,128 INFO o.a.j.JMeter: Available Processors =8
2020-10-24 19:51:17,165 INFO o.a.j.JMeter: Default Locale=English (EN)
2020-10-24 19:51:17,167 INFO o.a.j.JMeter: JMeter  Locale=English (EN)
2020-10-24 19:51:17,168 INFO o.a.j.JMeter: JMeterHome=D:\Softwares\apache-jmeter-5.1.1
2020-10-24 19:51:17,168 INFO o.a.j.JMeter: user.dir  =D:\Softwares\apache-jmeter-5.1.1\bin
2020-10-24 19:51:17,168 INFO o.a.j.JMeter: PWD       =D:\Softwares\apache-jmeter-5.1.1\bin
2020-10-24 19:51:18,107 INFO o.a.j.JMeter: IP: 192.168.0.5 Name: LAPTOP-TBV7VLP0 FullName: 192.168.0.5
2020-10-24 19:51:18,124 INFO o.a.j.s.FileServer: Default base='D:\Softwares\apache-jmeter-5.1.1\bin'
2020-10-24 19:51:18,147 INFO o.a.j.s.FileServer: Set new base='D:\Researchanddevelopment\JmeterScripts'
2020-10-24 19:51:18,588 INFO o.a.j.s.SaveService: Testplan (JMX) version: 2.2. Testlog (JTL) version: 2.2
2020-10-24 19:51:18,644 INFO o.a.j.s.SaveService: Using SaveService properties file encoding UTF-8
2020-10-24 19:51:18,656 INFO o.a.j.s.SaveService: Using SaveService properties version 5.0
2020-10-24 19:51:18,670 INFO o.a.j.s.SaveService: Loading file: D:\Researchanddevelopment\JmeterScripts\Launch.jmx
2020-10-24 19:51:18,867 INFO o.a.j.p.h.c.CookieManager: Settings: Delete null: true Check: true Allow variable: true Save: false Prefix: COOKIE_
2020-10-24 19:51:18,884 INFO o.a.j.p.h.c.CacheManager: Will only cache the following methods: [GET]
2020-10-24 19:51:18,929 INFO o.a.j.p.h.s.HTTPSamplerBase: Parser for text/html is org.apache.jmeter.protocol.http.parser.LagartoBasedHtmlParser
2020-10-24 19:51:18,929 INFO o.a.j.p.h.s.HTTPSamplerBase: Parser for application/xhtml+xml is org.apache.jmeter.protocol.http.parser.LagartoBasedHtmlParser
2020-10-24 19:51:18,929 INFO o.a.j.p.h.s.HTTPSamplerBase: Parser for application/xml is org.apache.jmeter.protocol.http.parser.LagartoBasedHtmlParser
2020-10-24 19:51:18,930 INFO o.a.j.p.h.s.HTTPSamplerBase: Parser for text/xml is org.apache.jmeter.protocol.http.parser.LagartoBasedHtmlParser
2020-10-24 19:51:18,930 INFO o.a.j.p.h.s.HTTPSamplerBase: Parser for text/vnd.wap.wml is org.apache.jmeter.protocol.http.parser.RegexpHTMLParser
2020-10-24 19:51:18,930 INFO o.a.j.p.h.s.HTTPSamplerBase: Parser for text/css is org.apache.jmeter.protocol.http.parser.CssParser
2020-10-24 19:51:19,038 INFO o.a.j.JMeter: Creating summariser <summary>
2020-10-24 19:51:19,052 INFO o.a.j.e.StandardJMeterEngine: Running the test!
2020-10-24 19:51:19,060 INFO o.a.j.s.SampleEvent: List of sample_variables: []
2020-10-24 19:51:19,061 INFO o.a.j.s.SampleEvent: List of sample_variables: []
2020-10-24 19:51:19,080 INFO o.a.j.e.u.CompoundVariable: Note: Function class names must contain the string: '.functions.'
2020-10-24 19:51:19,080 INFO o.a.j.e.u.CompoundVariable: Note: Function class names must not contain the string: '.gui.'
2020-10-24 19:51:19,632 INFO o.a.j.JMeter: Running test (1603549279632)
2020-10-24 19:51:19,680 INFO o.a.j.e.StandardJMeterEngine: Starting ThreadGroup: 1 : Thread Group
2020-10-24 19:51:19,683 INFO o.a.j.e.StandardJMeterEngine: Starting 1 threads for group Thread Group.
2020-10-24 19:51:19,683 INFO o.a.j.e.StandardJMeterEngine: Thread will continue on error
2020-10-24 19:51:19,683 INFO o.a.j.t.ThreadGroup: Starting thread group... number=1 threads=1 ramp-up=1 delayedStart=false
2020-10-24 19:51:19,694 INFO o.a.j.t.ThreadGroup: Started thread group number 1
2020-10-24 19:51:19,695 INFO o.a.j.e.StandardJMeterEngine: All thread groups have been started
2020-10-24 19:51:19,703 INFO o.a.j.s.SampleResult: Note: Sample TimeStamps are START times
2020-10-24 19:51:19,704 INFO o.a.j.s.SampleResult: sampleresult.default.encoding is set to ISO-8859-1
2020-10-24 19:51:19,704 INFO o.a.j.s.SampleResult: sampleresult.useNanoTime=true
2020-10-24 19:51:19,704 INFO o.a.j.s.SampleResult: sampleresult.nanoThreadSleep=5000
2020-10-24 19:51:19,706 INFO o.a.j.t.JMeterThread: Thread started: Thread Group 1-1
2020-10-24 19:51:19,795 INFO o.a.j.p.h.s.HTTPHCAbstractImpl: Local host = LAPTOP-TBV7VLP0
2020-10-24 19:51:19,819 INFO o.a.j.p.h.s.HTTPHC4Impl: HTTP request retry count = 0
2020-10-24 19:51:20,073 INFO o.a.j.p.h.s.h.LazyLayeredConnectionSocketFactory: Setting up HTTPS TrustAll Socket Factory
2020-10-24 19:51:20,083 INFO o.a.j.u.JsseSSLManager: Using default SSL protocol: TLS
2020-10-24 19:51:20,083 INFO o.a.j.u.JsseSSLManager: SSL session context: per-thread
2020-10-24 19:51:21,782 INFO o.a.j.u.SSLManager: JmeterKeyStore Location:  type JKS
2020-10-24 19:51:21,783 INFO o.a.j.u.SSLManager: KeyStore created OK
2020-10-24 19:51:21,783 WARN o.a.j.u.SSLManager: Keystore file not found, loading empty keystore
2020-10-24 19:51:28,181 INFO o.a.j.p.h.p.BaseParser: Created org.apache.jmeter.protocol.http.parser.LagartoBasedHtmlParser
2020-10-24 19:51:28,275 INFO o.a.j.p.h.s.ResourcesDownloader: Creating ResourcesDownloader with keepalive_inseconds : 60
2020-10-24 19:51:32,089 INFO o.a.j.p.h.p.BaseParser: Created org.apache.jmeter.protocol.http.parser.CssParser
2020-10-24 19:51:33,307 INFO o.a.j.r.Summariser: summary +      1 in 00:00:14 =    0.1/s Avg: 13286 Min: 13286 Max: 13286 Err:     1 (100.00%) Active: 1 Started: 1 Finished: 0
2020-10-24 19:53:28,065 INFO o.a.j.JMeter: Command: Shutdown received from /127.0.0.1
2020-10-24 19:53:28,069 INFO o.a.j.t.JMeterThread: Stopping: Thread Group 1-1
2020-10-24 19:53:43,398 INFO o.a.j.t.JMeterThread: Thread finished: Thread Group 1-1
2020-10-24 19:53:43,404 INFO o.a.j.e.StandardJMeterEngine: Notifying test listeners of end of test
2020-10-24 19:53:43,405 INFO o.a.j.r.Summariser: summary +      1 in 00:02:10 =    0.0/s Avg: 29315 Min: 29315 Max: 29315 Err:     0 (0.00%) Active: 0 Started: 1 Finished: 1
2020-10-24 19:53:43,407 INFO o.a.j.r.Summariser: summary =      2 in 00:02:24 =    0.0/s Avg: 21300 Min: 13286 Max: 29315 Err:     1 (50.00%)
